Mar 25, 2019 11:20:26 PM org.apache.catalina.startup.VersionLoggerListener log
INFO: Server version:        Apache Tomcat (TomEE)/7.0.81 (1.7.5)
Mar 25, 2019 11:20:26 PM org.apache.catalina.startup.VersionLoggerListener log
INFO: Server built:          Aug 11 2017 10:21:27 UTC
Mar 25, 2019 11:20:26 PM org.apache.catalina.startup.VersionLoggerListener log
INFO: Server number:         7.0.81.0
Mar 25, 2019 11:20:26 PM org.apache.catalina.startup.VersionLoggerListener log
INFO: OS Name:               Windows 10
Mar 25, 2019 11:20:26 PM org.apache.catalina.startup.VersionLoggerListener log
INFO: OS Version:            10.0
Mar 25, 2019 11:20:26 PM org.apache.catalina.startup.VersionLoggerListener log
INFO: Architecture:          amd64
Mar 25, 2019 11:20:26 PM org.apache.catalina.startup.VersionLoggerListener log
INFO: Java Home:             C:\Program Files\Java\jdk1.8.0_201\jre
Mar 25, 2019 11:20:26 PM org.apache.catalina.startup.VersionLoggerListener log
INFO: JVM Version:           1.8.0_201-b09
Mar 25, 2019 11:20:26 PM org.apache.catalina.startup.VersionLoggerListener log
INFO: JVM Vendor:            Oracle Corporation
Mar 25, 2019 11:20:26 PM org.apache.catalina.startup.VersionLoggerListener log
INFO: CATALINA_BASE:         C:\Users\mgabr\OneDrive\Documents\ABAPTraining\OpenSap\address-manager\application\target\apache-tomee
Mar 25, 2019 11:20:26 PM org.apache.catalina.startup.VersionLoggerListener log
INFO: CATALINA_HOME:         C:\Users\mgabr\OneDrive\Documents\ABAPTraining\OpenSap\address-manager\application\target\apache-tomee
Mar 25, 2019 11:20:26 PM org.apache.catalina.startup.VersionLoggerListener log
INFO: Command line argument: -XX:+HeapDumpOnOutOfMemoryError
Mar 25, 2019 11:20:26 PM org.apache.catalina.startup.VersionLoggerListener log
INFO: Command line argument: -Dorg.apache.catalina.STRICT_SERVLET_COMPLIANCE=false
Mar 25, 2019 11:20:26 PM org.apache.catalina.startup.VersionLoggerListener log
INFO: Command line argument: -Dopenejb.session.manager=org.apache.tomee.catalina.session.QuickSessionManager
Mar 25, 2019 11:20:26 PM org.apache.catalina.startup.VersionLoggerListener log
INFO: Command line argument: -Dtomee.remote.support=true
Mar 25, 2019 11:20:26 PM org.apache.catalina.startup.VersionLoggerListener log
INFO: Command line argument: -Dopenejb.system.apps=false
Mar 25, 2019 11:20:26 PM org.apache.catalina.startup.VersionLoggerListener log
INFO: Command line argument: -Djava.util.logging.config.file=C:\Users\mgabr\OneDrive\Documents\ABAPTraining\OpenSap\address-manager\application\target\apache-tomee\conf\logging.properties
Mar 25, 2019 11:20:26 PM org.apache.catalina.startup.VersionLoggerListener log
INFO: Command line argument: -javaagent:C:\Users\mgabr\OneDrive\Documents\ABAPTraining\OpenSap\address-manager\application\target\apache-tomee\lib\openejb-javaagent.jar
Mar 25, 2019 11:20:26 PM org.apache.catalina.startup.VersionLoggerListener log
INFO: Command line argument: -Djava.util.logging.manager=org.apache.juli.ClassLoaderLogManager
Mar 25, 2019 11:20:26 PM org.apache.catalina.startup.VersionLoggerListener log
INFO: Command line argument: -Djava.io.tmpdir=C:\Users\mgabr\OneDrive\Documents\ABAPTraining\OpenSap\address-manager\application\target\apache-tomee\temp
Mar 25, 2019 11:20:26 PM org.apache.catalina.startup.VersionLoggerListener log
INFO: Command line argument: -Djava.endorsed.dirs=C:\Users\mgabr\OneDrive\Documents\ABAPTraining\OpenSap\address-manager\application\target\apache-tomee\endorsed
Mar 25, 2019 11:20:26 PM org.apache.catalina.startup.VersionLoggerListener log
INFO: Command line argument: -Dcatalina.base=C:\Users\mgabr\OneDrive\Documents\ABAPTraining\OpenSap\address-manager\application\target\apache-tomee
Mar 25, 2019 11:20:26 PM org.apache.catalina.startup.VersionLoggerListener log
INFO: Command line argument: -Dcatalina.home=C:\Users\mgabr\OneDrive\Documents\ABAPTraining\OpenSap\address-manager\application\target\apache-tomee
Mar 25, 2019 11:20:26 PM org.apache.catalina.startup.VersionLoggerListener log
INFO: Command line argument: -Dcatalina.ext.dirs=C:\Users\mgabr\OneDrive\Documents\ABAPTraining\OpenSap\address-manager\application\target\apache-tomee\lib
Mar 25, 2019 11:20:26 PM org.apache.catalina.startup.VersionLoggerListener log
INFO: Command line argument: -Dorg.apache.tomcat.util.http.ServerCookie.ALLOW_HTTP_SEPARATORS_IN_V0=true
Mar 25, 2019 11:20:26 PM org.apache.catalina.startup.VersionLoggerListener log
INFO: Command line argument: -ea
Mar 25, 2019 11:20:26 PM org.apache.catalina.core.AprLifecycleListener lifecycleEvent
INFO: The APR based Apache Tomcat Native library which allows optimal performance in production environments was not found on the java.library.path: C:\Program Files\Java\jdk1.8.0_201\jre\bin;C:\WINDOWS\Sun\Java\bin;C:\WINDOWS\system32;C:\WINDOWS;C:\Program Files (x86)\Common Files\Oracle\Java\javapath;C:\Program Files (x86)\Intel\iCLS Client\;C:\Program Files\Intel\iCLS Client\;C:\WINDOWS\system32;C:\WINDOWS;C:\WINDOWS\System32\Wbem;C:\WINDOWS\System32\WindowsPowerShell\v1.0\;C:\Program Files (x86)\Intel\Intel(R) Management Engine Components\DAL;C:\Program Files\Intel\Intel(R) Management Engine Components\DAL;C:\Program Files (x86)\Intel\Intel(R) Management Engine Components\IPT;C:\Program Files\Intel\Intel(R) Management Engine Components\IPT;C:\Program Files\Intel\WiFi\bin\;C:\Program Files\Common Files\Intel\WirelessCommon\;C:\ProgramData\chocolatey\bin;C:\Program Files\Java\jdk1.8.0_201\bin;;C:\Program Files\Cloud Foundry;C:\WINDOWS\System32\OpenSSH\;C:\Users\mgabr\AppData\Local\Microsoft\WindowsApps;C:\Program Files (x86)\Sophos\Sophos SSL VPN Client\bin;;.
Mar 25, 2019 11:20:26 PM org.apache.coyote.AbstractProtocol init
INFO: Initializing ProtocolHandler ["http-bio-8080"]
Mar 25, 2019 11:20:26 PM org.apache.coyote.AbstractProtocol init
INFO: Initializing ProtocolHandler ["ajp-bio-8009"]
Mar 25, 2019 11:20:27 PM org.apache.openejb.util.OptionsLog info
INFO: Using 'tomee.remote.support=true'
Mar 25, 2019 11:20:27 PM org.apache.openejb.util.OptionsLog info
INFO: Using 'openejb.jdbc.datasource-creator=org.apache.tomee.jdbc.TomEEDataSourceCreator'
Mar 25, 2019 11:20:27 PM org.apache.openejb.OpenEJB$Instance <init>
INFO: ********************************************************************************
Mar 25, 2019 11:20:27 PM org.apache.openejb.OpenEJB$Instance <init>
INFO: OpenEJB http://tomee.apache.org/
Mar 25, 2019 11:20:27 PM org.apache.openejb.OpenEJB$Instance <init>
INFO: Startup: Mon Mar 25 23:20:27 CDT 2019
Mar 25, 2019 11:20:27 PM org.apache.openejb.OpenEJB$Instance <init>
INFO: Copyright 1999-2015 (C) Apache OpenEJB/TomEE Project, All Rights Reserved.
Mar 25, 2019 11:20:27 PM org.apache.openejb.OpenEJB$Instance <init>
INFO: Version: 4.7.5
Mar 25, 2019 11:20:27 PM org.apache.openejb.OpenEJB$Instance <init>
INFO: Build date: 20170927
Mar 25, 2019 11:20:27 PM org.apache.openejb.OpenEJB$Instance <init>
INFO: Build time: 12:02
Mar 25, 2019 11:20:27 PM org.apache.openejb.OpenEJB$Instance <init>
INFO: ********************************************************************************
Mar 25, 2019 11:20:27 PM org.apache.openejb.OpenEJB$Instance <init>
INFO: openejb.home = C:\Users\mgabr\OneDrive\Documents\ABAPTraining\OpenSap\address-manager\application\target\apache-tomee
Mar 25, 2019 11:20:27 PM org.apache.openejb.OpenEJB$Instance <init>
INFO: openejb.base = C:\Users\mgabr\OneDrive\Documents\ABAPTraining\OpenSap\address-manager\application\target\apache-tomee
Mar 25, 2019 11:20:27 PM org.apache.openejb.cdi.CdiBuilder initializeOWB
INFO: Created new singletonService org.apache.openejb.cdi.ThreadSingletonServiceImpl@51b279c9
Mar 25, 2019 11:20:27 PM org.apache.openejb.cdi.CdiBuilder initializeOWB
INFO: Succeeded in installing singleton service
Mar 25, 2019 11:20:27 PM org.apache.openejb.config.ConfigurationFactory init
INFO: openejb configuration file is 'C:\Users\mgabr\OneDrive\Documents\ABAPTraining\OpenSap\address-manager\application\target\apache-tomee\conf\tomee.xml'
Mar 25, 2019 11:20:28 PM org.apache.openejb.config.ConfigurationFactory configureService
INFO: Configuring Service(id=Tomcat Security Service, type=SecurityService, provider-id=Tomcat Security Service)
Mar 25, 2019 11:20:28 PM org.apache.openejb.config.ConfigurationFactory configureService
INFO: Configuring Service(id=Default Transaction Manager, type=TransactionManager, provider-id=Default Transaction Manager)
Mar 25, 2019 11:20:28 PM org.apache.openejb.util.OptionsLog info
INFO: Using 'openejb.system.apps=false'
Mar 25, 2019 11:20:28 PM org.apache.openejb.util.OptionsLog info
INFO: Using 'openejb.deployments.classpath=false'
Mar 25, 2019 11:20:28 PM org.apache.openejb.assembler.classic.Assembler createRecipe
INFO: Creating TransactionManager(id=Default Transaction Manager)
Mar 25, 2019 11:20:28 PM org.apache.openejb.assembler.classic.Assembler createRecipe
INFO: Creating SecurityService(id=Tomcat Security Service)
Mar 25, 2019 11:20:28 PM org.apache.openejb.server.ServiceManager initServer
INFO: Creating ServerService(id=cxf-rs)
Mar 25, 2019 11:20:28 PM org.apache.openejb.server.SimpleServiceManager start
INFO:   ** Bound Services **
Mar 25, 2019 11:20:28 PM org.apache.openejb.server.SimpleServiceManager printRow
INFO:   NAME                 IP              PORT  
Mar 25, 2019 11:20:28 PM org.apache.openejb.server.SimpleServiceManager start
INFO: -------
Mar 25, 2019 11:20:28 PM org.apache.openejb.server.SimpleServiceManager start
INFO: Ready!
Mar 25, 2019 11:20:28 PM org.apache.catalina.startup.Catalina load
INFO: Initialization processed in 3012 ms
Mar 25, 2019 11:20:28 PM org.apache.tomee.catalina.OpenEJBNamingContextListener bindResource
INFO: Importing a Tomcat Resource with id 'UserDatabase' of type 'org.apache.catalina.UserDatabase'.
Mar 25, 2019 11:20:28 PM org.apache.openejb.assembler.classic.Assembler createRecipe
INFO: Creating Resource(id=UserDatabase)
Mar 25, 2019 11:20:28 PM org.apache.catalina.core.StandardService startInternal
INFO: Starting service Catalina
Mar 25, 2019 11:20:28 PM org.apache.catalina.core.StandardEngine startInternal
INFO: Starting Servlet Engine: Apache Tomcat (TomEE)/7.0.81 (1.7.5)
Mar 25, 2019 11:20:28 PM org.apache.catalina.startup.HostConfig deployWAR
INFO: Deploying web application archive C:\Users\mgabr\OneDrive\Documents\ABAPTraining\OpenSap\address-manager\application\target\apache-tomee\webapps\ROOT.war
Mar 25, 2019 11:20:28 PM org.apache.tomee.catalina.TomcatWebAppBuilder init
INFO: ------------------------- localhost -> /
Mar 25, 2019 11:20:28 PM org.apache.openejb.util.JarExtractor extract
INFO: Extracting jar: C:\Users\mgabr\OneDrive\Documents\ABAPTraining\OpenSap\address-manager\application\target\apache-tomee\webapps\ROOT.war
Mar 25, 2019 11:20:38 PM org.apache.openejb.util.JarExtractor extract
INFO: Extracted path: C:\Users\mgabr\OneDrive\Documents\ABAPTraining\OpenSap\address-manager\application\target\apache-tomee\webapps\ROOT
Mar 25, 2019 11:20:38 PM org.apache.openejb.util.OptionsLog info
INFO: Using 'openejb.session.manager=org.apache.tomee.catalina.session.QuickSessionManager'
Mar 25, 2019 11:20:42 PM org.apache.openejb.config.ConfigurationFactory configureApplication
INFO: Configuring enterprise application: C:\Users\mgabr\OneDrive\Documents\ABAPTraining\OpenSap\address-manager\application\target\apache-tomee\webapps\ROOT
Mar 25, 2019 11:20:42 PM org.apache.openejb.config.ConfigurationFactory configureService
INFO: Configuring Service(id=Default Managed Container, type=Container, provider-id=Default Managed Container)
Mar 25, 2019 11:20:42 PM org.apache.openejb.config.AutoConfig createContainer
INFO: Auto-creating a container for bean .Comp121460915: Container(type=MANAGED, id=Default Managed Container)
Mar 25, 2019 11:20:42 PM org.apache.openejb.assembler.classic.Assembler createRecipe
INFO: Creating Container(id=Default Managed Container)
Mar 25, 2019 11:20:42 PM org.apache.openejb.core.managed.SimplePassivater init
INFO: Using directory C:\Users\mgabr\OneDrive\Documents\ABAPTraining\OpenSap\address-manager\application\target\apache-tomee\temp for stateful session passivation
Mar 25, 2019 11:20:42 PM org.apache.openejb.config.AppInfoBuilder build
INFO: Enterprise application "C:\Users\mgabr\OneDrive\Documents\ABAPTraining\OpenSap\address-manager\application\target\apache-tomee\webapps\ROOT" loaded.
Mar 25, 2019 11:20:42 PM org.apache.openejb.assembler.classic.Assembler createApplication
INFO: Assembling app: C:\Users\mgabr\OneDrive\Documents\ABAPTraining\OpenSap\address-manager\application\target\apache-tomee\webapps\ROOT
Mar 25, 2019 11:20:43 PM org.apache.openejb.cdi.CdiBuilder initSingleton
INFO: Existing thread singleton service in SystemInstance(): org.apache.openejb.cdi.ThreadSingletonServiceImpl@51b279c9
Mar 25, 2019 11:20:43 PM org.apache.openejb.cdi.OpenEJBLifecycle startApplication
INFO: OpenWebBeans Container is starting...
Mar 25, 2019 11:20:43 PM org.apache.webbeans.plugins.PluginLoader startUp
INFO: Adding OpenWebBeansPlugin : [CdiPlugin]
Mar 25, 2019 11:20:43 PM org.apache.webbeans.plugins.PluginLoader startUp
INFO: Adding OpenWebBeansPlugin : [OpenWebBeansJsfPlugin]
Mar 25, 2019 11:20:51 PM org.apache.webbeans.config.BeansDeployer deploySingleAnnotatedType
INFO: Skipping deployment of Class class com.sap.cloud.sdk.cloudplatform.auditlog.ScpCfAuditLogdue to a NoClassDefFoundError: com/sap/xs/audit/api/exception/AuditLogException
Mar 25, 2019 11:20:54 PM org.apache.webbeans.config.BeansDeployer validateInjectionPoints
INFO: All injection points were validated successfully.
Mar 25, 2019 11:20:54 PM org.apache.openejb.cdi.OpenEJBLifecycle startApplication
INFO: OpenWebBeans Container has started, it took 11359 ms.
Mar 25, 2019 11:20:54 PM org.apache.openejb.assembler.classic.Assembler createApplication
INFO: Deployed Application(path=C:\Users\mgabr\OneDrive\Documents\ABAPTraining\OpenSap\address-manager\application\target\apache-tomee\webapps\ROOT)
Mar 25, 2019 11:20:56 PM org.apache.catalina.startup.HostConfig deployWAR
INFO: Deployment of web application archive C:\Users\mgabr\OneDrive\Documents\ABAPTraining\OpenSap\address-manager\application\target\apache-tomee\webapps\ROOT.war has finished in 27,758 ms
Mar 25, 2019 11:20:56 PM org.apache.coyote.AbstractProtocol start
INFO: Starting ProtocolHandler ["http-bio-8080"]
Mar 25, 2019 11:20:56 PM org.apache.coyote.AbstractProtocol start
INFO: Starting ProtocolHandler ["ajp-bio-8009"]
Mar 25, 2019 11:20:56 PM org.apache.catalina.startup.Catalina start
INFO: Server startup in 27948 ms
Mar 25, 2019 11:23:08 PM org.apache.catalina.core.StandardServer await
INFO: A valid shutdown command was received via the shutdown port. Stopping the Server instance.
Mar 25, 2019 11:23:08 PM org.apache.coyote.AbstractProtocol pause
INFO: Pausing ProtocolHandler ["http-bio-8080"]
Mar 25, 2019 11:23:08 PM org.apache.coyote.AbstractProtocol pause
INFO: Pausing ProtocolHandler ["ajp-bio-8009"]
Mar 25, 2019 11:23:08 PM org.apache.catalina.core.StandardService stopInternal
INFO: Stopping service Catalina
Mar 25, 2019 11:23:08 PM org.apache.openejb.assembler.classic.Assembler destroyApplication
INFO: Undeploying app: C:\Users\mgabr\OneDrive\Documents\ABAPTraining\OpenSap\address-manager\application\target\apache-tomee\webapps\ROOT
Mar 25, 2019 11:23:08 PM org.apache.openejb.util.OptionsLog info
INFO: Using 'openjpa.Log=org.apache.openejb.openjpa.JULOpenJPALogFactory'
Mar 25, 2019 11:23:08 PM org.apache.openejb.assembler.classic.Assembler destroyApplication
INFO: Undeployed app: C:\Users\mgabr\OneDrive\Documents\ABAPTraining\OpenSap\address-manager\application\target\apache-tomee\webapps\ROOT
Mar 25, 2019 11:23:08 PM org.apache.catalina.loader.WebappClassLoaderBase checkThreadLocalMapForLeaks
SEVERE: The web application [] created a ThreadLocal with key of type [com.netflix.hystrix.Hystrix$1] (value [com.netflix.hystrix.Hystrix$1@54f8d25a]) and a value of type [com.netflix.hystrix.Hystrix.ConcurrentStack] (value [com.netflix.hystrix.Hystrix$ConcurrentStack@304c2c7]) but failed to remove it when the web application was stopped. Threads are going to be renewed over time to try and avoid a probable memory leak.
Mar 25, 2019 11:23:08 PM org.apache.coyote.AbstractProtocol stop
INFO: Stopping ProtocolHandler ["http-bio-8080"]
Mar 25, 2019 11:23:08 PM org.apache.coyote.AbstractProtocol stop
INFO: Stopping ProtocolHandler ["ajp-bio-8009"]
Mar 25, 2019 11:23:08 PM org.apache.openejb.server.SimpleServiceManager stop
INFO: Stopping server services
Mar 25, 2019 11:23:08 PM org.apache.coyote.AbstractProtocol destroy
INFO: Destroying ProtocolHandler ["http-bio-8080"]
Mar 25, 2019 11:23:08 PM org.apache.coyote.AbstractProtocol destroy
INFO: Destroying ProtocolHandler ["ajp-bio-8009"]
